=================================================================
==29==ERROR: AddressSanitizer: heap-use-after-free on address 0x602000000110 at pc 0x00000040f3d9 bp 0x7ffdc0f4c330 sp 0x7ffdc0f4c328
READ of size 4 at 0x602000000110 thread T0
    #3 0x7fe1d09a82e0 in __libc_start_main (/lib/x86_64-linux-gnu/libc.so.6+0x202e0)

0x602000000110 is located 0 bytes inside of 16-byte region [0x602000000110,0x602000000120)
freed by thread T0 here:
    #0 0x7fe1d2256f30 in free (/usr/local/lib64/libasan.so.5+0xe7f30)
    #3 0x7fe1d09a82e0 in __libc_start_main (/lib/x86_64-linux-gnu/libc.so.6+0x202e0)

previously allocated by thread T0 here:
    #0 0x7fe1d22572b0 in malloc (/usr/local/lib64/libasan.so.5+0xe82b0)
    #3 0x7fe1d09a82e0 in __libc_start_main (/lib/x86_64-linux-gnu/libc.so.6+0x202e0)

Shadow bytes around the buggy address:
  0x0c047fff7fd0: 00 00 00 00 00 00 00 00 00 00 00 00 00 00 00 00
  0x0c047fff7fe0: 00 00 00 00 00 00 00 00 00 00 00 00 00 00 00 00
  0x0c047fff7ff0: 00 00 00 00 00 00 00 00 00 00 00 00 00 00 00 00
  0x0c047fff8000: fa fa fd fa fa fa 00 00 fa fa 00 00 fa fa 00 00
  0x0c047fff8010: fa fa fd fa fa fa 00 00 fa fa 00 00 fa fa 00 00
=>0x0c047fff8020: fa fa[fd]fd fa fa 00 00 fa fa 00 00 fa fa 04 fa
  0x0c047fff8030: fa fa fa fa fa fa fa fa fa fa fa fa fa fa fa fa
  0x0c047fff8040: fa fa fa fa fa fa fa fa fa fa fa fa fa fa fa fa
  0x0c047fff8050: fa fa fa fa fa fa fa fa fa fa fa fa fa fa fa fa
  0x0c047fff8060: fa fa fa fa fa fa fa fa fa fa fa fa fa fa fa fa
  0x0c047fff8070: fa fa fa fa fa fa fa fa fa fa fa fa fa fa fa fa
Shadow byte legend (one shadow byte represents 8 application bytes):
  Addressable:           00
  Partially addressable: 01 02 03 04 05 06 07 
  Heap left redzone:       fa
  Freed heap region:       fd
  Stack left redzone:      f1
  Stack mid redzone:       f2
  Stack right redzone:     f3
  Stack after return:      f5
  Stack use after scope:   f8
  Global redzone:          f9
  Global init order:       f6
  Poisoned by user:        f7
  Container overflow:      fc
  Array cookie:            ac
  Intra object redzone:    bb
  ASan internal:           fe
  Left alloca redzone:     ca
  Right alloca redzone:    cb
==29==ABORTING